0 info it worked if it ends with ok
1 verbose cli [ '/usr/local/bin/node',
1 verbose cli   '/usr/local/bin/npm',
1 verbose cli   'install',
1 verbose cli   'eslintrc' ]
2 info using npm@2.15.0
3 info using node@v4.4.2
4 verbose install initial load of /Users/rachelburke/seattle-javascript-401d7/week_1/assignment_one/simple_modular_and_test_patterns/RachelBurke/TestingInNode/lib/package.json
5 warn package.json lib@1.0.0 No description
6 warn package.json lib@1.0.0 No README data
7 verbose readDependencies loading dependencies from /Users/rachelburke/seattle-javascript-401d7/week_1/assignment_one/simple_modular_and_test_patterns/RachelBurke/TestingInNode/lib/package.json
8 silly cache add args [ 'eslintrc', null ]
9 verbose cache add spec eslintrc
10 silly cache add parsed spec Result {
10 silly cache add   raw: 'eslintrc',
10 silly cache add   scope: null,
10 silly cache add   name: 'eslintrc',
10 silly cache add   rawSpec: '',
10 silly cache add   spec: 'latest',
10 silly cache add   type: 'tag' }
11 silly addNamed eslintrc@latest
12 verbose addNamed "latest" is being treated as a dist-tag for eslintrc
13 info addNameTag [ 'eslintrc', 'latest' ]
14 silly mapToRegistry name eslintrc
15 silly mapToRegistry using default registry
16 silly mapToRegistry registry https://registry.npmjs.org/
17 silly mapToRegistry data Result {
17 silly mapToRegistry   raw: 'eslintrc',
17 silly mapToRegistry   scope: null,
17 silly mapToRegistry   name: 'eslintrc',
17 silly mapToRegistry   rawSpec: '',
17 silly mapToRegistry   spec: 'latest',
17 silly mapToRegistry   type: 'tag' }
18 silly mapToRegistry uri https://registry.npmjs.org/eslintrc
19 verbose addNameTag registry:https://registry.npmjs.org/eslintrc not in flight; fetching
20 verbose request uri https://registry.npmjs.org/eslintrc
21 verbose request no auth needed
22 info attempt registry request try #1 at 9:17:32 PM
23 verbose request using bearer token for auth
24 verbose request id ab7fd0a28aa20f45
25 http request GET https://registry.npmjs.org/eslintrc
26 http 404 https://registry.npmjs.org/eslintrc
27 verbose headers { server: 'CouchDB/1.5.0 (Erlang OTP/R16B03)',
27 verbose headers   etag: '"5SEO7MV5ZESXTM8ZY9LHVGLUZ"',
27 verbose headers   'content-type': 'application/json',
27 verbose headers   'cache-control': 'max-age=0',
27 verbose headers   'content-length': '409',
27 verbose headers   'accept-ranges': 'bytes',
27 verbose headers   date: 'Sun, 24 Apr 2016 04:17:33 GMT',
27 verbose headers   via: '1.1 varnish',
27 verbose headers   connection: 'keep-alive',
27 verbose headers   'x-served-by': 'cache-sjc3124-SJC',
27 verbose headers   'x-cache': 'MISS',
27 verbose headers   'x-cache-hits': '0',
27 verbose headers   'x-timer': 'S1461471453.075576,VS0,VE89',
27 verbose headers   vary: 'Accept-Encoding' }
28 silly get cb [ 404,
28 silly get   { server: 'CouchDB/1.5.0 (Erlang OTP/R16B03)',
28 silly get     etag: '"5SEO7MV5ZESXTM8ZY9LHVGLUZ"',
28 silly get     'content-type': 'application/json',
28 silly get     'cache-control': 'max-age=0',
28 silly get     'content-length': '409',
28 silly get     'accept-ranges': 'bytes',
28 silly get     date: 'Sun, 24 Apr 2016 04:17:33 GMT',
28 silly get     via: '1.1 varnish',
28 silly get     connection: 'keep-alive',
28 silly get     'x-served-by': 'cache-sjc3124-SJC',
28 silly get     'x-cache': 'MISS',
28 silly get     'x-cache-hits': '0',
28 silly get     'x-timer': 'S1461471453.075576,VS0,VE89',
28 silly get     vary: 'Accept-Encoding' } ]
29 verbose stack Error: Registry returned 404 for GET on https://registry.npmjs.org/eslintrc
29 verbose stack     at makeError (/usr/local/lib/node_modules/npm/node_modules/npm-registry-client/lib/request.js:264:12)
29 verbose stack     at CachingRegistryClient.<anonymous> (/usr/local/lib/node_modules/npm/node_modules/npm-registry-client/lib/request.js:242:14)
29 verbose stack     at Request._callback (/usr/local/lib/node_modules/npm/node_modules/npm-registry-client/lib/request.js:172:14)
29 verbose stack     at Request.self.callback (/usr/local/lib/node_modules/npm/node_modules/request/request.js:199:22)
29 verbose stack     at emitTwo (events.js:87:13)
29 verbose stack     at Request.emit (events.js:172:7)
29 verbose stack     at Request.<anonymous> (/usr/local/lib/node_modules/npm/node_modules/request/request.js:1036:10)
29 verbose stack     at emitOne (events.js:82:20)
29 verbose stack     at Request.emit (events.js:169:7)
29 verbose stack     at IncomingMessage.<anonymous> (/usr/local/lib/node_modules/npm/node_modules/request/request.js:963:12)
30 verbose statusCode 404
31 verbose pkgid eslintrc
32 verbose cwd /Users/rachelburke/seattle-javascript-401d7/week_1/assignment_one/simple_modular_and_test_patterns/RachelBurke/TestingInNode/lib
33 error Darwin 14.5.0
34 error argv "/usr/local/bin/node" "/usr/local/bin/npm" "install" "eslintrc"
35 error node v4.4.2
36 error npm  v2.15.0
37 error code E404
38 error 404 Registry returned 404 for GET on https://registry.npmjs.org/eslintrc
38 error 404
38 error 404 'eslintrc' is not in the npm registry.
38 error 404 You should bug the author to publish it (or use the name yourself!)
38 error 404 It was specified as a dependency of 'lib'
38 error 404
38 error 404 Note that you can also install from a
38 error 404 tarball, folder, http url, or git url.
39 verbose exit [ 1, true ]
